<?xml version="1.0" encoding="UTF-8"?>
<!-- Generated by org.testng.reporters.JUnitReportReporter -->
<testsuite skipped="0" hostname="yf-003" name="com.ontime.testscripts.LoginTest" tests="5" failures="0" timestamp="30 三月 2017 09:02:27 GMT" time="35.886" errors="0">
  <testcase name="Text2" time="5.835" classname="com.ontime.testscripts.LoginTest"/>
  <testcase name="Text4" time="6.036" classname="com.ontime.testscripts.LoginTest"/>
  <testcase name="Text3" time="7.296" classname="com.ontime.testscripts.LoginTest"/>
  <testcase name="loginTestCase" time="11.093" classname="com.ontime.testscripts.LoginTest"/>
  <testcase name="Text1" time="5.626" classname="com.ontime.testscripts.LoginTest"/>
</testsuite> <!-- com.ontime.testscripts.LoginTest -->
